\BOOKMARK [0][-]{chapter.1}{\376\377\000L\000a\000T\000e\000X\000\040\000y\000\040\000G\000i\000t\000H\000u\000b}{}% 1
\BOOKMARK [0][-]{chapter.2}{\376\377\000Q\000t}{}% 2
\BOOKMARK [1][-]{section.2.1}{\376\377\000\277\000Q\000u\000e\000s\000\040\000e\000s\000\040\000u\000n\000a\000\040\000f\000i\000l\000a\000\040\000e\000n\000\040\000e\000l\000\040\000S\000u\000d\000o\000k\000u\000?}{chapter.2}% 3
\BOOKMARK [1][-]{section.2.2}{\376\377\000\277\000Q\000u\000e\000s\000\040\000e\000s\000\040\000u\000n\000a\000\040\000C\000o\000l\000u\000m\000n\000a\000\040\000e\000n\000\040\000e\000l\000\040\000S\000u\000d\000o\000k\000u\000?}{chapter.2}% 4
\BOOKMARK [1][-]{section.2.3}{\376\377\000\277\000Q\000u\000e\000s\000\040\000e\000s\000\040\000u\000n\000\040\000B\000l\000o\000q\000u\000e\000\040\000e\000n\000\040\000e\000l\000\040\000S\000u\000d\000o\000k\000u\000?}{chapter.2}% 5
\BOOKMARK [1][-]{section.2.4}{\376\377\000\277\000C\000o\000m\000o\000\040\000j\000u\000g\000a\000r\000\040\000e\000n\000\040\000l\000a\000\040\000a\000p\000l\000i\000c\000a\000c\000i\000\363\000n\000?}{chapter.2}% 6
\BOOKMARK [1][-]{section.2.5}{\376\377\000C\000a\000r\000g\000a\000r\000\040\000j\000u\000e\000g\000o\000\040\000g\000u\000a\000r\000d\000a\000d\000o}{chapter.2}% 7
\BOOKMARK [1][-]{section.2.6}{\376\377\000V\000e\000n\000t\000a\000n\000a\000\040\000d\000e\000\040\000d\000i\000f\000i\000c\000u\000l\000t\000a\000d}{chapter.2}% 8
\BOOKMARK [1][-]{section.2.7}{\376\377\000I\000n\000i\000c\000i\000o\000\040\000s\000u\000d\000o\000k\000u}{chapter.2}% 9
\BOOKMARK [1][-]{section.2.8}{\376\377\000I\000n\000g\000r\000e\000s\000o\000\040\000d\000e\000\040\000n\000\372\000m\000e\000r\000o\000s}{chapter.2}% 10
\BOOKMARK [1][-]{section.2.9}{\376\377\000G\000u\000a\000r\000d\000a\000r\000\040\000p\000a\000r\000t\000i\000d\000a\000s}{chapter.2}% 11
\BOOKMARK [1][-]{section.2.10}{\376\377\000t\000e\000r\000m\000i\000n\000a\000r\000\040\000j\000u\000e\000g\000o}{chapter.2}% 12
\BOOKMARK [1][-]{section.2.11}{\376\377\000C\000O\000N\000C\000L\000U\000S\000I\000O\000N\000E\000S}{chapter.2}% 13
\BOOKMARK [0][-]{chapter.3}{\376\377\000P\000H\000Y\000T\000O\000N}{}% 14
\BOOKMARK [1][-]{section.3.1}{\376\377\000\277\000Q\000u\000e\000s\000\040\000e\000s\000\040\000u\000n\000a\000\040\000f\000i\000l\000a\000\040\000e\000n\000\040\000e\000l\000\040\000S\000u\000d\000o\000k\000u\000?}{chapter.3}% 15
\BOOKMARK [1][-]{section.3.2}{\376\377\000\277\000Q\000u\000e\000s\000\040\000e\000s\000\040\000u\000n\000a\000\040\000C\000o\000l\000u\000m\000n\000a\000\040\000e\000n\000\040\000e\000l\000\040\000S\000u\000d\000o\000k\000u\000?}{chapter.3}% 16
\BOOKMARK [1][-]{section.3.3}{\376\377\000\277\000Q\000u\000e\000s\000\040\000e\000s\000\040\000u\000n\000\040\000B\000l\000o\000q\000u\000e\000\040\000e\000n\000\040\000e\000l\000\040\000S\000u\000d\000o\000k\000u\000?}{chapter.3}% 17
\BOOKMARK [1][-]{section.3.4}{\376\377\000\277\000C\000o\000m\000o\000\040\000j\000u\000g\000a\000r\000\040\000e\000n\000\040\000l\000a\000\040\000a\000p\000l\000i\000c\000a\000c\000i\000\363\000n\000?}{chapter.3}% 18
\BOOKMARK [1][-]{section.3.5}{\376\377\000C\000a\000r\000g\000a\000r\000\040\000j\000u\000e\000g\000o\000\040\000g\000u\000a\000r\000d\000a\000d\000o}{chapter.3}% 19
\BOOKMARK [1][-]{section.3.6}{\376\377\000V\000e\000n\000t\000a\000n\000a\000\040\000d\000e\000\040\000d\000i\000f\000i\000c\000u\000l\000t\000a\000d}{chapter.3}% 20
\BOOKMARK [1][-]{section.3.7}{\376\377\000I\000n\000i\000c\000i\000o\000\040\000s\000u\000d\000o\000k\000u}{chapter.3}% 21
\BOOKMARK [1][-]{section.3.8}{\376\377\000I\000n\000g\000r\000e\000s\000o\000\040\000d\000e\000\040\000n\000\372\000m\000e\000r\000o\000s}{chapter.3}% 22
\BOOKMARK [1][-]{section.3.9}{\376\377\000G\000u\000a\000r\000d\000a\000r\000\040\000p\000a\000r\000t\000i\000d\000a\000s}{chapter.3}% 23
\BOOKMARK [1][-]{section.3.10}{\376\377\000t\000e\000r\000m\000i\000n\000a\000r\000\040\000j\000u\000e\000g\000o}{chapter.3}% 24
\BOOKMARK [0][-]{chapter.4}{\376\377\000H\000A\000S\000K\000E\000L\000L}{}% 25
